<?xml version="1.0" encoding="UTF-8"?>
<testsuite name="com.bridgelabz.MaximumTest" tests="1" skipped="0" failures="0" errors="0" timestamp="2019-11-29T05:59:53" hostname="FH400" time="0.01">
  <properties/>
  <testcase name="check_Strings_FindMaximum" classname="com.bridgelabz.MaximumTest" time="0.01"/>
  <system-out><![CDATA[
]]></system-out>
  <system-err><![CDATA[]]></system-err>
</testsuite>
